2016-05-18 10:41:08: Expanded '%GSDISK%/Other/Don't Backup/Git Repos/YYT-Website/Yeovil Youth Theatre' to 'F:/Other/Don't Backup/Git Repos/YYT-Website/Yeovil Youth Theatre'
2016-05-18 10:41:08: Expanded '%GSDISK%/xampp/htdocs/projects/Final YYT website' to 'F:/xampp/htdocs/projects/Final YYT website'
2016-05-18 10:41:08: -- Analysis Started by User
2016-05-18 10:41:08: L: State file does not exist: F:/Other/Don't Backup/Git Repos/YYT-Website/Yeovil Youth Theatre/_gsdata_/_file_state_v4._gs
2016-05-18 10:41:08: R: State file does not exist: F:/xampp/htdocs/projects/Final YYT website/_gsdata_/_file_state_v4._gs
2016-05-18 10:41:08: Changes: 7, Conflicts: 0, CopyTime: 0, CopyState: 0/0, Errors: 0, All: 8
2016-05-18 10:41:08: Left to Right: Copy File: 7 
2016-05-18 10:41:08: -- Analysis Complete. Time 00:00:00, Speed: Many files/s
2016-05-18 10:41:08: 
2016-05-18 10:41:12: Expanded '%GSDISK%/Other/Don't Backup/Git Repos/YYT-Website/Yeovil Youth Theatre' to 'F:/Other/Don't Backup/Git Repos/YYT-Website/Yeovil Youth Theatre'
2016-05-18 10:41:12: Expanded '%GSDISK%/xampp/htdocs/projects/Final YYT website' to 'F:/xampp/htdocs/projects/Final YYT website'
2016-05-18 10:41:12: New _gsdata_ folder(s) created, so rescan all job folders for their ghosts
2016-05-18 10:41:12: == Sync Started by User
2016-05-18 10:41:12: Create Folder 'F:/xampp/htdocs/projects/Final YYT website/assets'
2016-05-18 10:41:12: Create Folder 'F:/xampp/htdocs/projects/Final YYT website/css'
2016-05-18 10:41:12: Create Folder 'F:/xampp/htdocs/projects/Final YYT website/js'
2016-05-18 10:41:12: Copy New 'F:/Other/Don't Backup/Git Repos/YYT-Website/Yeovil Youth Theatre/assets/ShortYYTLogo.gif' -> 'F:/xampp/htdocs/projects/Final YYT website/assets/ShortYYTLogo.gif'
2016-05-18 10:41:12: Copy New 'F:/Other/Don't Backup/Git Repos/YYT-Website/Yeovil Youth Theatre/css/styles.css' -> 'F:/xampp/htdocs/projects/Final YYT website/css/styles.css'
2016-05-18 10:41:12: Copy New 'F:/Other/Don't Backup/Git Repos/YYT-Website/Yeovil Youth Theatre/index.php' -> 'F:/xampp/htdocs/projects/Final YYT website/index.php'
2016-05-18 10:41:12: Copy New 'F:/Other/Don't Backup/Git Repos/YYT-Website/Yeovil Youth Theatre/navMenu.php' -> 'F:/xampp/htdocs/projects/Final YYT website/navMenu.php'
2016-05-18 10:41:12: == Sync Complete. Time: 00:00:00, Speed: 0 bytes/s, OK: 7, Errors: 0
2016-05-18 10:41:12: 
